{"/Users/maikeru/coding projects/shopping-cart/server/cart.js": {"path":"/Users/maikeru/coding projects/shopping-cart/server/cart.js","statementMap":{"0":{"start":{"line":1,"column":18},"end":{"line":1,"column":43}},"1":{"start":{"line":5,"column":4},"end":{"line":5,"column":21}},"2":{"start":{"line":6,"column":4},"end":{"line":6,"column":20}},"3":{"start":{"line":7,"column":4},"end":{"line":7,"column":19}},"4":{"start":{"line":11,"column":17},"end":{"line":11,"column":55}},"5":{"start":{"line":11,"column":41},"end":{"line":11,"column":54}},"6":{"start":{"line":13,"column":4},"end":{"line":26,"column":5}},"7":{"start":{"line":14,"column":6},"end":{"line":19,"column":7}},"8":{"start":{"line":15,"column":8},"end":{"line":15,"column":30}},"9":{"start":{"line":17,"column":8},"end":{"line":17,"column":44}},"10":{"start":{"line":18,"column":8},"end":{"line":18,"column":57}},"11":{"start":{"line":20,"column":11},"end":{"line":26,"column":5}},"12":{"start":{"line":21,"column":6},"end":{"line":24,"column":8}},"13":{"start":{"line":25,"column":6},"end":{"line":25,"column":55}},"14":{"start":{"line":27,"column":4},"end":{"line":27,"column":30}},"15":{"start":{"line":31,"column":4},"end":{"line":31,"column":19}},"16":{"start":{"line":32,"column":16},"end":{"line":32,"column":34}},"17":{"start":{"line":34,"column":4},"end":{"line":37,"column":7}},"18":{"start":{"line":35,"column":6},"end":{"line":35,"column":51}},"19":{"start":{"line":36,"column":6},"end":{"line":36,"column":28}},"20":{"start":{"line":41,"column":19},"end":{"line":41,"column":20}},"21":{"start":{"line":42,"column":23},"end":{"line":42,"column":42}},"22":{"start":{"line":43,"column":33},"end":{"line":43,"column":37}},"23":{"start":{"line":45,"column":4},"end":{"line":52,"column":5}},"24":{"start":{"line":47,"column":6},"end":{"line":51,"column":7}},"25":{"start":{"line":47,"column":19},"end":{"line":47,"column":46}},"26":{"start":{"line":48,"column":23},"end":{"line":48,"column":72}},"27":{"start":{"line":49,"column":8},"end":{"line":49,"column":55}},"28":{"start":{"line":50,"column":8},"end":{"line":50,"column":56}},"29":{"start":{"line":53,"column":4},"end":{"line":53,"column":43}},"30":{"start":{"line":54,"column":4},"end":{"line":54,"column":35}},"31":{"start":{"line":55,"column":4},"end":{"line":55,"column":20}},"32":{"start":{"line":58,"column":0},"end":{"line":58,"column":22}}},"fnMap":{"0":{"name":"(anonymous_0)","decl":{"start":{"line":4,"column":2},"end":{"line":4,"column":3}},"loc":{"start":{"line":4,"column":18},"end":{"line":8,"column":3}},"line":4},"1":{"name":"(anonymous_1)","decl":{"start":{"line":10,"column":2},"end":{"line":10,"column":3}},"loc":{"start":{"line":10,"column":26},"end":{"line":28,"column":3}},"line":10},"2":{"name":"(anonymous_2)","decl":{"start":{"line":11,"column":32},"end":{"line":11,"column":33}},"loc":{"start":{"line":11,"column":41},"end":{"line":11,"column":54}},"line":11},"3":{"name":"(anonymous_3)","decl":{"start":{"line":30,"column":2},"end":{"line":30,"column":3}},"loc":{"start":{"line":30,"column":18},"end":{"line":38,"column":3}},"line":30},"4":{"name":"(anonymous_4)","decl":{"start":{"line":34,"column":16},"end":{"line":34,"column":17}},"loc":{"start":{"line":34,"column":24},"end":{"line":37,"column":5}},"line":34},"5":{"name":"(anonymous_5)","decl":{"start":{"line":40,"column":2},"end":{"line":40,"column":3}},"loc":{"start":{"line":40,"column":20},"end":{"line":56,"column":3}},"line":40}},"branchMap":{"0":{"loc":{"start":{"line":13,"column":4},"end":{"line":26,"column":5}},"type":"if","locations":[{"start":{"line":13,"column":4},"end":{"line":26,"column":5}},{"start":{"line":13,"column":4},"end":{"line":26,"column":5}}],"line":13},"1":{"loc":{"start":{"line":14,"column":6},"end":{"line":19,"column":7}},"type":"if","locations":[{"start":{"line":14,"column":6},"end":{"line":19,"column":7}},{"start":{"line":14,"column":6},"end":{"line":19,"column":7}}],"line":14},"2":{"loc":{"start":{"line":20,"column":11},"end":{"line":26,"column":5}},"type":"if","locations":[{"start":{"line":20,"column":11},"end":{"line":26,"column":5}},{"start":{"line":20,"column":11},"end":{"line":26,"column":5}}],"line":20},"3":{"loc":{"start":{"line":45,"column":4},"end":{"line":52,"column":5}},"type":"if","locations":[{"start":{"line":45,"column":4},"end":{"line":52,"column":5}},{"start":{"line":45,"column":4},"end":{"line":52,"column":5}}],"line":45}},"s":{"0":1,"1":5,"2":5,"3":5,"4":22,"5":49,"6":22,"7":11,"8":1,"9":10,"10":10,"11":11,"12":10,"13":10,"14":22,"15":22,"16":22,"17":22,"18":44,"19":44,"20":20,"21":20,"22":20,"23":20,"24":15,"25":15,"26":15,"27":15,"28":15,"29":20,"30":20,"31":20,"32":1},"f":{"0":5,"1":22,"2":49,"3":22,"4":44,"5":20},"b":{"0":[11,11],"1":[1,10],"2":[10,1],"3":[15,5]},"_coverageSchema":"43e27e138ebf9cfc5966b082cf9a028302ed4184","hash":"ef766c7d8f28c3d11a11d51b71e50215dc60b2d8"}
,"/Users/maikeru/coding projects/shopping-cart/server/inventory.js": {"path":"/Users/maikeru/coding projects/shopping-cart/server/inventory.js","statementMap":{"0":{"start":{"line":1,"column":18},"end":{"line":31,"column":2}},"1":{"start":{"line":33,"column":0},"end":{"line":33,"column":55}},"2":{"start":{"line":33,"column":32},"end":{"line":33,"column":49}}},"fnMap":{"0":{"name":"(anonymous_0)","decl":{"start":{"line":33,"column":18},"end":{"line":33,"column":19}},"loc":{"start":{"line":33,"column":30},"end":{"line":33,"column":51}},"line":33}},"branchMap":{},"s":{"0":1,"1":1,"2":1},"f":{"0":1},"b":{},"_coverageSchema":"43e27e138ebf9cfc5966b082cf9a028302ed4184","hash":"fb7a942c3348413cbeb7b37443b2a230c3584fc2"}
}
