TN:
SF:/Users/maikeru/coding projects/shopping-cart/server/cart.js
FN:4,(anonymous_0)
FN:10,(anonymous_1)
FN:11,(anonymous_2)
FN:30,(anonymous_3)
FN:34,(anonymous_4)
FN:40,(anonymous_5)
FNF:6
FNH:6
FNDA:5,(anonymous_0)
FNDA:22,(anonymous_1)
FNDA:49,(anonymous_2)
FNDA:22,(anonymous_3)
FNDA:44,(anonymous_4)
FNDA:20,(anonymous_5)
DA:1,1
DA:5,5
DA:6,5
DA:7,5
DA:11,49
DA:13,22
DA:14,11
DA:15,1
DA:17,10
DA:18,10
DA:20,11
DA:21,10
DA:25,10
DA:27,22
DA:31,22
DA:32,22
DA:34,22
DA:35,44
DA:36,44
DA:41,20
DA:42,20
DA:43,20
DA:45,20
DA:47,15
DA:48,15
DA:49,15
DA:50,15
DA:53,20
DA:54,20
DA:55,20
DA:58,1
LF:31
LH:31
BRDA:13,0,0,11
BRDA:13,0,1,11
BRDA:14,1,0,1
BRDA:14,1,1,10
BRDA:20,2,0,10
BRDA:20,2,1,1
BRDA:45,3,0,15
BRDA:45,3,1,5
BRF:8
BRH:8
end_of_record
TN:
SF:/Users/maikeru/coding projects/shopping-cart/server/inventory.js
FN:33,(anonymous_0)
FNF:1
FNH:1
FNDA:1,(anonymous_0)
DA:1,1
DA:33,1
LF:2
LH:2
BRF:0
BRH:0
end_of_record
